[12-Sep-2018 20:33:05 UTC] PHP Parse error:  syntax error, unexpected '<' in /home/ubuntu/workspace/practice/php/prac.php on line 9
[14-Sep-2018 19:45:42 UTC] PHP Parse error:  syntax error, unexpected 'print' (T_PRINT), expecting '(' in /home/ubuntu/workspace/practice/php/prac.php on line 21
[14-Sep-2018 19:46:14 UTC] PHP Parse error:  syntax error, unexpected 'print' (T_PRINT), expecting '(' in /home/ubuntu/workspace/practice/php/prac.php on line 21
[14-Sep-2018 19:46:14 UTC] PHP Parse error:  syntax error, unexpected 'print' (T_PRINT), expecting '(' in /home/ubuntu/workspace/practice/php/prac.php on line 21
[14-Sep-2018 19:46:27 UTC] PHP Parse error:  syntax error, unexpected 'print' (T_PRINT), expecting '(' in /home/ubuntu/workspace/practice/php/prac.php on line 21
[14-Sep-2018 19:46:27 UTC] PHP Parse error:  syntax error, unexpected 'print' (T_PRINT), expecting '(' in /home/ubuntu/workspace/practice/php/prac.php on line 21
[14-Sep-2018 19:46:38 UTC] PHP Parse error:  syntax error, unexpected 'print' (T_PRINT), expecting '(' in /home/ubuntu/workspace/practice/php/prac.php on line 21
[14-Sep-2018 19:46:38 UTC] PHP Parse error:  syntax error, unexpected 'print' (T_PRINT), expecting '(' in /home/ubuntu/workspace/practice/php/prac.php on line 21
[14-Sep-2018 19:46:39 UTC] PHP Parse error:  syntax error, unexpected 'print' (T_PRINT), expecting '(' in /home/ubuntu/workspace/practice/php/prac.php on line 21
[17-Sep-2018 19:43:05 UTC] PHP Parse error:  syntax error, unexpected '<' in /home/ubuntu/workspace/practice/mon2/rps.php on line 89
[17-Sep-2018 19:43:17 UTC] PHP Parse error:  syntax error, unexpected '<' in /home/ubuntu/workspace/practice/mon2/rps.php on line 89
[17-Sep-2018 19:43:38 UTC] PHP Parse error:  syntax error, unexpected '<' in /home/ubuntu/workspace/practice/mon2/rps.php on line 89
[17-Sep-2018 19:43:59 UTC] PHP Parse error:  syntax error, unexpected '<' in /home/ubuntu/workspace/practice/mon2/rps.php on line 89
[24-Sep-2018 19:16:54 UTC] PHP Warning:  imagepng(): Unable to open 'inc/charts/1537816614.6986.png' for writing: No such file or directory in /home/ubuntu/workspace/practice/prac3/inc/charts.php on line 71
[24-Sep-2018 19:16:54 UTC] PHP Stack trace:
[24-Sep-2018 19:16:54 UTC] PHP   1. {main}() /home/ubuntu/workspace/practice/prac3/reviews.php:0
[24-Sep-2018 19:16:54 UTC] PHP   2. movieReviews() /home/ubuntu/workspace/practice/prac3/reviews.php:60
[24-Sep-2018 19:16:54 UTC] PHP   3. displayRatings() /home/ubuntu/workspace/practice/prac3/reviews.php:25
[24-Sep-2018 19:16:54 UTC] PHP   4. bar_graph() /home/ubuntu/workspace/practice/prac3/inc/charts.php:30
[24-Sep-2018 19:16:54 UTC] PHP   5. imagepng() /home/ubuntu/workspace/practice/prac3/inc/charts.php:71
[01-Oct-2018 19:21:49 UTC] PHP Parse error:  syntax error, unexpected ''.png" />'' (T_CONSTANT_ENCAPSED_STRING) in /home/ubuntu/workspace/practice/p4/index.php on line 16
[01-Oct-2018 19:40:26 UTC] PHP Fatal error:  Function name must be a string in /home/ubuntu/workspace/practice/p4/index.php on line 9
[01-Oct-2018 19:40:26 UTC] PHP Stack trace:
[01-Oct-2018 19:40:26 UTC] PHP   1. {main}() /home/ubuntu/workspace/practice/p4/index.php:0
[01-Oct-2018 19:43:46 UTC] PHP Fatal error:  Function name must be a string in /home/ubuntu/workspace/practice/p4/index.php on line 9
[01-Oct-2018 19:43:46 UTC] PHP Stack trace:
[01-Oct-2018 19:43:46 UTC] PHP   1. {main}() /home/ubuntu/workspace/practice/p4/index.php:0
[01-Oct-2018 19:43:49 UTC] PHP Fatal error:  Function name must be a string in /home/ubuntu/workspace/practice/p4/index.php on line 9
[01-Oct-2018 19:43:49 UTC] PHP Stack trace:
[01-Oct-2018 19:43:49 UTC] PHP   1. {main}() /home/ubuntu/workspace/practice/p4/index.php:0
[01-Oct-2018 19:43:50 UTC] PHP Fatal error:  Function name must be a string in /home/ubuntu/workspace/practice/p4/index.php on line 9
[01-Oct-2018 19:43:50 UTC] PHP Stack trace:
[01-Oct-2018 19:43:50 UTC] PHP   1. {main}() /home/ubuntu/workspace/practice/p4/index.php:0
[01-Oct-2018 19:43:50 UTC] PHP Fatal error:  Function name must be a string in /home/ubuntu/workspace/practice/p4/index.php on line 9
[01-Oct-2018 19:43:50 UTC] PHP Stack trace:
[01-Oct-2018 19:43:50 UTC] PHP   1. {main}() /home/ubuntu/workspace/practice/p4/index.php:0
[01-Oct-2018 19:43:51 UTC] PHP Fatal error:  Function name must be a string in /home/ubuntu/workspace/practice/p4/index.php on line 9
[01-Oct-2018 19:43:51 UTC] PHP Stack trace:
[01-Oct-2018 19:43:51 UTC] PHP   1. {main}() /home/ubuntu/workspace/practice/p4/index.php:0
[01-Oct-2018 19:43:52 UTC] PHP Fatal error:  Function name must be a string in /home/ubuntu/workspace/practice/p4/index.php on line 9
[01-Oct-2018 19:43:52 UTC] PHP Stack trace:
[01-Oct-2018 19:43:52 UTC] PHP   1. {main}() /home/ubuntu/workspace/practice/p4/index.php:0
[01-Oct-2018 19:44:09 UTC] PHP Fatal error:  Function name must be a string in /home/ubuntu/workspace/practice/p4/index.php on line 18
[01-Oct-2018 19:44:09 UTC] PHP Stack trace:
[01-Oct-2018 19:44:09 UTC] PHP   1. {main}() /home/ubuntu/workspace/practice/p4/index.php:0
[01-Oct-2018 19:44:14 UTC] PHP Fatal error:  Function name must be a string in /home/ubuntu/workspace/practice/p4/index.php on line 18
[01-Oct-2018 19:44:14 UTC] PHP Stack trace:
[01-Oct-2018 19:44:14 UTC] PHP   1. {main}() /home/ubuntu/workspace/practice/p4/index.php:0
[01-Oct-2018 19:44:15 UTC] PHP Fatal error:  Function name must be a string in /home/ubuntu/workspace/practice/p4/index.php on line 18
[01-Oct-2018 19:44:15 UTC] PHP Stack trace:
[01-Oct-2018 19:44:15 UTC] PHP   1. {main}() /home/ubuntu/workspace/practice/p4/index.php:0
[01-Oct-2018 19:44:38 UTC] PHP Fatal error:  Function name must be a string in /home/ubuntu/workspace/practice/p4/index.php on line 18
[01-Oct-2018 19:44:38 UTC] PHP Stack trace:
[01-Oct-2018 19:44:38 UTC] PHP   1. {main}() /home/ubuntu/workspace/practice/p4/index.php:0
[01-Oct-2018 19:44:52 UTC] PHP Fatal error:  Function name must be a string in /home/ubuntu/workspace/practice/p4/index.php on line 18
[01-Oct-2018 19:44:52 UTC] PHP Stack trace:
[01-Oct-2018 19:44:52 UTC] PHP   1. {main}() /home/ubuntu/workspace/practice/p4/index.php:0
[01-Oct-2018 19:44:54 UTC] PHP Fatal error:  Function name must be a string in /home/ubuntu/workspace/practice/p4/index.php on line 18
[01-Oct-2018 19:44:54 UTC] PHP Stack trace:
[01-Oct-2018 19:44:54 UTC] PHP   1. {main}() /home/ubuntu/workspace/practice/p4/index.php:0
[01-Oct-2018 19:44:55 UTC] PHP Fatal error:  Function name must be a string in /home/ubuntu/workspace/practice/p4/index.php on line 18
[01-Oct-2018 19:44:55 UTC] PHP Stack trace:
[01-Oct-2018 19:44:55 UTC] PHP   1. {main}() /home/ubuntu/workspace/practice/p4/index.php:0
[01-Oct-2018 19:45:40 UTC] PHP Fatal error:  Function name must be a string in /home/ubuntu/workspace/practice/p4/index.php on line 18
[01-Oct-2018 19:45:40 UTC] PHP Stack trace:
[01-Oct-2018 19:45:40 UTC] PHP   1. {main}() /home/ubuntu/workspace/practice/p4/index.php:0
[01-Oct-2018 19:45:41 UTC] PHP Fatal error:  Function name must be a string in /home/ubuntu/workspace/practice/p4/index.php on line 18
[01-Oct-2018 19:45:41 UTC] PHP Stack trace:
[01-Oct-2018 19:45:41 UTC] PHP   1. {main}() /home/ubuntu/workspace/practice/p4/index.php:0
[01-Oct-2018 19:46:05 UTC] PHP Fatal error:  Function name must be a string in /home/ubuntu/workspace/practice/p4/index.php on line 18
[01-Oct-2018 19:46:05 UTC] PHP Stack trace:
[01-Oct-2018 19:46:05 UTC] PHP   1. {main}() /home/ubuntu/workspace/practice/p4/index.php:0
[01-Oct-2018 19:47:01 UTC] PHP Fatal error:  Function name must be a string in /home/ubuntu/workspace/practice/p4/index.php on line 18
[01-Oct-2018 19:47:01 UTC] PHP Stack trace:
[01-Oct-2018 19:47:01 UTC] PHP   1. {main}() /home/ubuntu/workspace/practice/p4/index.php:0
[01-Oct-2018 19:47:04 UTC] PHP Fatal error:  Function name must be a string in /home/ubuntu/workspace/practice/p4/index.php on line 18
[01-Oct-2018 19:47:04 UTC] PHP Stack trace:
[01-Oct-2018 19:47:04 UTC] PHP   1. {main}() /home/ubuntu/workspace/practice/p4/index.php:0
[01-Oct-2018 19:48:38 UTC] PHP Fatal error:  Function name must be a string in /home/ubuntu/workspace/practice/p4/index.php on line 10
[01-Oct-2018 19:48:38 UTC] PHP Stack trace:
[01-Oct-2018 19:48:38 UTC] PHP   1. {main}() /home/ubuntu/workspace/practice/p4/index.php:0
[01-Oct-2018 20:04:58 UTC] PHP Fatal error:  Call to undefined function creatDeck() in /home/ubuntu/workspace/practice/p4/index.php on line 51
[01-Oct-2018 20:04:58 UTC] PHP Stack trace:
[01-Oct-2018 20:04:58 UTC] PHP   1. {main}() /home/ubuntu/workspace/practice/p4/index.php:0
[08-Oct-2018 20:01:06 UTC] PHP Fatal error:  Call to undefined function start_session() in /home/ubuntu/workspace/practice/p5/index.php on line 3
[08-Oct-2018 20:01:06 UTC] PHP Stack trace:
[08-Oct-2018 20:01:06 UTC] PHP   1. {main}() /home/ubuntu/workspace/practice/p5/index.php:0
[08-Oct-2018 20:01:19 UTC] PHP Fatal error:  Call to undefined function start_session() in /home/ubuntu/workspace/practice/p5/index.php on line 3
[08-Oct-2018 20:01:19 UTC] PHP Stack trace:
[08-Oct-2018 20:01:19 UTC] PHP   1. {main}() /home/ubuntu/workspace/practice/p5/index.php:0
[08-Oct-2018 20:01:49 UTC] PHP Fatal error:  Call to undefined function ehco() in /home/ubuntu/workspace/practice/p5/index.php on line 5
[08-Oct-2018 20:01:49 UTC] PHP Stack trace:
[08-Oct-2018 20:01:49 UTC] PHP   1. {main}() /home/ubuntu/workspace/practice/p5/index.php:0
[08-Oct-2018 20:01:53 UTC] PHP Fatal error:  Call to undefined function ehco() in /home/ubuntu/workspace/practice/p5/index.php on line 5
[08-Oct-2018 20:01:53 UTC] PHP Stack trace:
[08-Oct-2018 20:01:53 UTC] PHP   1. {main}() /home/ubuntu/workspace/practice/p5/index.php:0
[08-Oct-2018 20:13:19 UTC] PHP Warning:  array_push() expects parameter 1 to be array, string given in /home/ubuntu/workspace/practice/p5/index.php on line 16
[08-Oct-2018 20:13:19 UTC] PHP Stack trace:
[08-Oct-2018 20:13:19 UTC] PHP   1. {main}() /home/ubuntu/workspace/practice/p5/index.php:0
[08-Oct-2018 20:13:19 UTC] PHP   2. array_push() /home/ubuntu/workspace/practice/p5/index.php:16
[15-Oct-2018 20:12:14 UTC] PHP Fatal error:  Cannot redeclare getDate() in /home/ubuntu/workspace/practice/midterm_practice1.php/index.php on line 24
[15-Oct-2018 20:12:23 UTC] PHP Fatal error:  Cannot redeclare getDate() in /home/ubuntu/workspace/practice/midterm_practice1.php/index.php on line 24
[15-Oct-2018 20:13:11 UTC] PHP Fatal error:  Cannot redeclare getDate() in /home/ubuntu/workspace/practice/midterm_practice1.php/index.php on line 25
[15-Oct-2018 20:16:48 UTC] PHP Parse error:  syntax error, unexpected end of file in /home/ubuntu/workspace/practice/midterm_practice1.php/index.php on line 53
[15-Oct-2018 20:17:11 UTC] PHP Fatal error:  Cannot redeclare getDate() in /home/ubuntu/workspace/practice/midterm_practice1.php/index.php on line 25
[15-Oct-2018 20:19:45 UTC] PHP Fatal error:  Cannot redeclare getDate() in /home/ubuntu/workspace/practice/midterm_practice1.php/index.php on line 27
[15-Oct-2018 20:20:03 UTC] PHP Fatal error:  Cannot redeclare getDate() in /home/ubuntu/workspace/practice/midterm_practice1.php/index.php on line 27
[15-Oct-2018 20:22:02 UTC] PHP Fatal error:  Cannot redeclare getDate() in /home/ubuntu/workspace/practice/midterm_practice1.php/index.php on line 25
[15-Oct-2018 20:23:18 UTC] PHP Fatal error:  Cannot redeclare getDate() in /home/ubuntu/workspace/practice/midterm_practice1.php/index.php on line 25
[15-Oct-2018 21:04:52 UTC] PHP Parse error:  syntax error, unexpected '"<td/>"' (T_CONSTANT_ENCAPSED_STRING), expecting ',' or ';' in /home/ubuntu/workspace/practice/midterm_practice1.php/index.php on line 37
[16-Oct-2018 23:10:00 UTC] PHP Fatal error:  Cannot break/continue 1 level in /home/ubuntu/workspace/practice/midterm_practice1.php/index.php on line 11
[16-Oct-2018 23:10:00 UTC] PHP Stack trace:
[16-Oct-2018 23:10:00 UTC] PHP   1. {main}() /home/ubuntu/workspace/practice/midterm_practice1.php/index.php:0
[16-Oct-2018 23:10:00 UTC] PHP   2. selected() /home/ubuntu/workspace/practice/midterm_practice1.php/index.php:96
[16-Oct-2018 23:47:01 UTC] PHP Fatal error:  Call to undefined function isEmpty() in /home/ubuntu/workspace/practice/midterm_practice1.php/index.php on line 38
[16-Oct-2018 23:47:01 UTC] PHP Stack trace:
[16-Oct-2018 23:47:01 UTC] PHP   1. {main}() /home/ubuntu/workspace/practice/midterm_practice1.php/index.php:0
[16-Oct-2018 23:47:01 UTC] PHP   2. selected() /home/ubuntu/workspace/practice/midterm_practice1.php/index.php:103
[16-Oct-2018 23:56:08 UTC] PHP Warning:  rand() expects parameter 2 to be long, string given in /home/ubuntu/workspace/practice/midterm_practice1.php/index.php on line 71
[16-Oct-2018 23:56:08 UTC] PHP Stack trace:
[16-Oct-2018 23:56:08 UTC] PHP   1. {main}() /home/ubuntu/workspace/practice/midterm_practice1.php/index.php:0
[16-Oct-2018 23:56:08 UTC] PHP   2. cal() /home/ubuntu/workspace/practice/midterm_practice1.php/index.php:125
[16-Oct-2018 23:56:08 UTC] PHP   3. rand() /home/ubuntu/workspace/practice/midterm_practice1.php/index.php:71
[17-Oct-2018 00:00:24 UTC] PHP Fatal error:  Call to undefined function getMonth() in /home/ubuntu/workspace/practice/midterm_practice1.php/index.php on line 73
[17-Oct-2018 00:00:24 UTC] PHP Stack trace:
[17-Oct-2018 00:00:24 UTC] PHP   1. {main}() /home/ubuntu/workspace/practice/midterm_practice1.php/index.php:0
[17-Oct-2018 00:00:24 UTC] PHP   2. cal() /home/ubuntu/workspace/practice/midterm_practice1.php/index.php:132
[17-Oct-2018 00:00:37 UTC] PHP Fatal error:  Call to undefined function getMonth() in /home/ubuntu/workspace/practice/midterm_practice1.php/index.php on line 73
[17-Oct-2018 00:00:37 UTC] PHP Stack trace:
[17-Oct-2018 00:00:37 UTC] PHP   1. {main}() /home/ubuntu/workspace/practice/midterm_practice1.php/index.php:0
[17-Oct-2018 00:00:37 UTC] PHP   2. cal() /home/ubuntu/workspace/practice/midterm_practice1.php/index.php:132
[17-Oct-2018 02:14:00 UTC] PHP Fatal error:  Array callback has to contain indices 0 and 1 in /home/ubuntu/workspace/practice/midterm_practice1.php/index.php on line 107
[17-Oct-2018 02:14:00 UTC] PHP Stack trace:
[17-Oct-2018 02:14:00 UTC] PHP   1. {main}() /home/ubuntu/workspace/practice/midterm_practice1.php/index.php:0
[17-Oct-2018 02:14:00 UTC] PHP   2. cal() /home/ubuntu/workspace/practice/midterm_practice1.php/index.php:195
[17-Oct-2018 02:15:15 UTC] PHP Fatal error:  Function name must be a string in /home/ubuntu/workspace/practice/midterm_practice1.php/index.php on line 107
[17-Oct-2018 02:15:15 UTC] PHP Stack trace:
[17-Oct-2018 02:15:15 UTC] PHP   1. {main}() /home/ubuntu/workspace/practice/midterm_practice1.php/index.php:0
[17-Oct-2018 02:15:15 UTC] PHP   2. cal() /home/ubuntu/workspace/practice/midterm_practice1.php/index.php:195
[17-Oct-2018 02:15:33 UTC] PHP Fatal error:  Function name must be a string in /home/ubuntu/workspace/practice/midterm_practice1.php/index.php on line 107
[17-Oct-2018 02:15:33 UTC] PHP Stack trace:
[17-Oct-2018 02:15:33 UTC] PHP   1. {main}() /home/ubuntu/workspace/practice/midterm_practice1.php/index.php:0
[17-Oct-2018 02:15:33 UTC] PHP   2. cal() /home/ubuntu/workspace/practice/midterm_practice1.php/index.php:195
[17-Oct-2018 02:17:08 UTC] PHP Fatal error:  Function name must be a string in /home/ubuntu/workspace/practice/midterm_practice1.php/index.php on line 107
[17-Oct-2018 02:17:08 UTC] PHP Stack trace:
[17-Oct-2018 02:17:08 UTC] PHP   1. {main}() /home/ubuntu/workspace/practice/midterm_practice1.php/index.php:0
[17-Oct-2018 02:17:08 UTC] PHP   2. cal() /home/ubuntu/workspace/practice/midterm_practice1.php/index.php:195
[17-Oct-2018 02:40:10 UTC] PHP Fatal error:  Call to undefined function selectMonths() in /home/ubuntu/workspace/practice/midterm_practice1.php/index.php on line 210
[17-Oct-2018 02:40:10 UTC] PHP Stack trace:
[17-Oct-2018 02:40:10 UTC] PHP   1. {main}() /home/ubuntu/workspace/practice/midterm_practice1.php/index.php:0
[17-Oct-2018 02:40:18 UTC] PHP Fatal error:  Call to undefined function getLoc() in /home/ubuntu/workspace/practice/midterm_practice1.php/index.php on line 210
[17-Oct-2018 02:40:18 UTC] PHP Stack trace:
[17-Oct-2018 02:40:18 UTC] PHP   1. {main}() /home/ubuntu/workspace/practice/midterm_practice1.php/index.php:0
