[20-Sep-2018 21:21:24 UTC] PHP Parse error:  syntax error, unexpected 'break' (T_BREAK), expecting ',' or ';' in /home/ubuntu/workspace/testing/index.php on line 35
[20-Sep-2018 21:22:32 UTC] PHP Parse error:  syntax error, unexpected ';', expecting '{' in /home/ubuntu/workspace/testing/index.php on line 49
[20-Sep-2018 22:26:48 UTC] PHP Fatal error:  Call to undefined function displayPoints() in /home/ubuntu/workspace/testing/index.php on line 62
[20-Sep-2018 22:26:48 UTC] PHP Stack trace:
[20-Sep-2018 22:26:48 UTC] PHP   1. {main}() /home/ubuntu/workspace/testing/index.php:0
[20-Sep-2018 23:06:24 UTC] PHP Warning:  include(inc/functions.php): failed to open stream: No such file or directory in /home/ubuntu/workspace/testing/index.php on line 16
[20-Sep-2018 23:06:24 UTC] PHP Stack trace:
[20-Sep-2018 23:06:24 UTC] PHP   1. {main}() /home/ubuntu/workspace/testing/index.php:0
[20-Sep-2018 23:06:24 UTC] PHP Warning:  include(): Failed opening 'inc/functions.php' for inclusion (include_path='.:/usr/share/php:/usr/share/pear') in /home/ubuntu/workspace/testing/index.php on line 16
[20-Sep-2018 23:06:24 UTC] PHP Stack trace:
[20-Sep-2018 23:06:24 UTC] PHP   1. {main}() /home/ubuntu/workspace/testing/index.php:0
[20-Sep-2018 23:06:25 UTC] PHP Warning:  include(inc/functions.php): failed to open stream: No such file or directory in /home/ubuntu/workspace/testing/index.php on line 16
[20-Sep-2018 23:06:25 UTC] PHP Stack trace:
[20-Sep-2018 23:06:25 UTC] PHP   1. {main}() /home/ubuntu/workspace/testing/index.php:0
[20-Sep-2018 23:06:25 UTC] PHP Warning:  include(): Failed opening 'inc/functions.php' for inclusion (include_path='.:/usr/share/php:/usr/share/pear') in /home/ubuntu/workspace/testing/index.php on line 16
[20-Sep-2018 23:06:25 UTC] PHP Stack trace:
[20-Sep-2018 23:06:25 UTC] PHP   1. {main}() /home/ubuntu/workspace/testing/index.php:0
[20-Sep-2018 23:08:59 UTC] PHP Fatal error:  Cannot redeclare displaySymbol() (previously declared in /home/ubuntu/workspace/testing/index.php:23) in /home/ubuntu/workspace/testing/inc/functions.php on line 6
[20-Sep-2018 23:08:59 UTC] PHP Stack trace:
[20-Sep-2018 23:08:59 UTC] PHP   1. {main}() /home/ubuntu/workspace/testing/index.php:0
[20-Sep-2018 23:41:41 UTC] PHP Parse error:  syntax error, unexpected '}' in /home/ubuntu/workspace/testing/inc/functions.php on line 22
[20-Sep-2018 23:41:41 UTC] PHP Stack trace:
[20-Sep-2018 23:41:41 UTC] PHP   1. {main}() /home/ubuntu/workspace/testing/index.php:0
[20-Sep-2018 23:41:42 UTC] PHP Parse error:  syntax error, unexpected '}' in /home/ubuntu/workspace/testing/inc/functions.php on line 22
[20-Sep-2018 23:41:42 UTC] PHP Stack trace:
[20-Sep-2018 23:41:42 UTC] PHP   1. {main}() /home/ubuntu/workspace/testing/index.php:0
[20-Sep-2018 23:46:45 UTC] PHP Fatal error:  Cannot redeclare displayWin() (previously declared in /home/ubuntu/workspace/testing/index.php:19) in /home/ubuntu/workspace/testing/inc/functions.php on line 29
[20-Sep-2018 23:46:45 UTC] PHP Stack trace:
[20-Sep-2018 23:46:45 UTC] PHP   1. {main}() /home/ubuntu/workspace/testing/index.php:0
[20-Sep-2018 23:46:46 UTC] PHP Fatal error:  Cannot redeclare displayWin() (previously declared in /home/ubuntu/workspace/testing/index.php:19) in /home/ubuntu/workspace/testing/inc/functions.php on line 29
[20-Sep-2018 23:46:46 UTC] PHP Stack trace:
[20-Sep-2018 23:46:46 UTC] PHP   1. {main}() /home/ubuntu/workspace/testing/index.php:0
[20-Sep-2018 23:46:46 UTC] PHP Fatal error:  Cannot redeclare displayWin() (previously declared in /home/ubuntu/workspace/testing/index.php:19) in /home/ubuntu/workspace/testing/inc/functions.php on line 29
[20-Sep-2018 23:46:46 UTC] PHP Stack trace:
[20-Sep-2018 23:46:46 UTC] PHP   1. {main}() /home/ubuntu/workspace/testing/index.php:0
[24-Oct-2018 00:13:19 UTC] PHP Fatal error:  Call to undefined function getDatabaseConnection() in /home/ubuntu/workspace/midtermPractic/index.php on line 8
[24-Oct-2018 00:13:19 UTC] PHP Stack trace:
[24-Oct-2018 00:13:19 UTC] PHP   1. {main}() /home/ubuntu/workspace/midtermPractic/index.php:0
[24-Oct-2018 00:13:19 UTC] PHP   2. displayCountyName() /home/ubuntu/workspace/midtermPractic/index.php:21
[24-Oct-2018 17:24:19 UTC] PHP Fatal error:  Call to undefined function rsortPop() in /home/ubuntu/workspace/midtermPractic/index.php on line 44
[24-Oct-2018 17:24:19 UTC] PHP Stack trace:
[24-Oct-2018 17:24:19 UTC] PHP   1. {main}() /home/ubuntu/workspace/midtermPractic/index.php:0
