[27-Sep-2018 20:27:37 UTC] PHP Parse error:  syntax error, unexpected 'Parallels' (T_STRING) in /home/ubuntu/workspace/homework/HW2/index.php on line 10
[27-Sep-2018 20:28:19 UTC] PHP Parse error:  syntax error, unexpected 'Parallels' (T_STRING), expecting ',' or ';' in /home/ubuntu/workspace/homework/HW2/index.php on line 10
[27-Sep-2018 20:28:41 UTC] PHP Parse error:  syntax error, unexpected 'Parallels' (T_STRING), expecting ',' or ';' in /home/ubuntu/workspace/homework/HW2/index.php on line 10
[27-Sep-2018 20:29:47 UTC] PHP Parse error:  syntax error, unexpected '<' in /home/ubuntu/workspace/homework/HW2/index.php on line 11
[28-Sep-2018 17:04:41 UTC] PHP Parse error:  syntax error, unexpected '$i' (T_VARIABLE), expecting ';' in /home/ubuntu/workspace/homework/HW2/index.php on line 24
[28-Sep-2018 17:37:15 UTC] PHP Warning:  Illegal offset type in /home/ubuntu/workspace/homework/HW2/index.php on line 20
[28-Sep-2018 17:37:15 UTC] PHP Stack trace:
[28-Sep-2018 17:37:15 UTC] PHP   1. {main}() /home/ubuntu/workspace/homework/HW2/index.php:0
[28-Sep-2018 17:37:34 UTC] PHP Warning:  Illegal offset type in /home/ubuntu/workspace/homework/HW2/index.php on line 19
[28-Sep-2018 17:37:34 UTC] PHP Stack trace:
[28-Sep-2018 17:37:34 UTC] PHP   1. {main}() /home/ubuntu/workspace/homework/HW2/index.php:0
[28-Sep-2018 17:37:35 UTC] PHP Warning:  Illegal offset type in /home/ubuntu/workspace/homework/HW2/index.php on line 19
[28-Sep-2018 17:37:35 UTC] PHP Stack trace:
[28-Sep-2018 17:37:35 UTC] PHP   1. {main}() /home/ubuntu/workspace/homework/HW2/index.php:0
[28-Sep-2018 17:37:36 UTC] PHP Warning:  Illegal offset type in /home/ubuntu/workspace/homework/HW2/index.php on line 19
[28-Sep-2018 17:37:36 UTC] PHP Stack trace:
[28-Sep-2018 17:37:36 UTC] PHP   1. {main}() /home/ubuntu/workspace/homework/HW2/index.php:0
[28-Sep-2018 17:37:36 UTC] PHP Warning:  Illegal offset type in /home/ubuntu/workspace/homework/HW2/index.php on line 19
[28-Sep-2018 17:37:36 UTC] PHP Stack trace:
[28-Sep-2018 17:37:36 UTC] PHP   1. {main}() /home/ubuntu/workspace/homework/HW2/index.php:0
[28-Sep-2018 17:45:16 UTC] PHP Parse error:  syntax error, unexpected 'for' (T_FOR), expecting ',' or ';' in /home/ubuntu/workspace/homework/HW2/index.php on line 63
[28-Sep-2018 17:46:29 UTC] PHP Fatal error:  Call to undefined function array_sort() in /home/ubuntu/workspace/homework/HW2/index.php on line 62
[28-Sep-2018 17:46:29 UTC] PHP Stack trace:
[28-Sep-2018 17:46:29 UTC] PHP   1. {main}() /home/ubuntu/workspace/homework/HW2/index.php:0
