[10-Oct-2018 15:05:49 UTC] PHP Warning:  include(functionsphp): failed to open stream: No such file or directory in /home/ubuntu/workspace/homework/HW3/scart/index.php on line 2
[10-Oct-2018 15:05:49 UTC] PHP Stack trace:
[10-Oct-2018 15:05:49 UTC] PHP   1. {main}() /home/ubuntu/workspace/homework/HW3/scart/index.php:0
[10-Oct-2018 15:05:49 UTC] PHP Warning:  include(): Failed opening 'functionsphp' for inclusion (include_path='.:/usr/share/php:/usr/share/pear') in /home/ubuntu/workspace/homework/HW3/scart/index.php on line 2
[10-Oct-2018 15:05:49 UTC] PHP Stack trace:
[10-Oct-2018 15:05:49 UTC] PHP   1. {main}() /home/ubuntu/workspace/homework/HW3/scart/index.php:0
[10-Oct-2018 15:05:50 UTC] PHP Fatal error:  Call to undefined function displayResults() in /home/ubuntu/workspace/homework/HW3/scart/index.php on line 51
[10-Oct-2018 15:05:50 UTC] PHP Stack trace:
[10-Oct-2018 15:05:50 UTC] PHP   1. {main}() /home/ubuntu/workspace/homework/HW3/scart/index.php:0
[10-Oct-2018 15:06:22 UTC] PHP Warning:  include(functionsphp): failed to open stream: No such file or directory in /home/ubuntu/workspace/homework/HW3/scart/index.php on line 2
[10-Oct-2018 15:06:22 UTC] PHP Stack trace:
[10-Oct-2018 15:06:22 UTC] PHP   1. {main}() /home/ubuntu/workspace/homework/HW3/scart/index.php:0
[10-Oct-2018 15:06:22 UTC] PHP Warning:  include(): Failed opening 'functionsphp' for inclusion (include_path='.:/usr/share/php:/usr/share/pear') in /home/ubuntu/workspace/homework/HW3/scart/index.php on line 2
[10-Oct-2018 15:06:22 UTC] PHP Stack trace:
[10-Oct-2018 15:06:22 UTC] PHP   1. {main}() /home/ubuntu/workspace/homework/HW3/scart/index.php:0
[10-Oct-2018 15:06:23 UTC] PHP Fatal error:  Call to undefined function displayResults() in /home/ubuntu/workspace/homework/HW3/scart/index.php on line 51
[10-Oct-2018 15:06:23 UTC] PHP Stack trace:
[10-Oct-2018 15:06:23 UTC] PHP   1. {main}() /home/ubuntu/workspace/homework/HW3/scart/index.php:0
[10-Oct-2018 15:06:37 UTC] PHP Warning:  include(functionsphp): failed to open stream: No such file or directory in /home/ubuntu/workspace/homework/HW3/scart/index.php on line 2
[10-Oct-2018 15:06:37 UTC] PHP Stack trace:
[10-Oct-2018 15:06:37 UTC] PHP   1. {main}() /home/ubuntu/workspace/homework/HW3/scart/index.php:0
[10-Oct-2018 15:06:37 UTC] PHP Warning:  include(): Failed opening 'functionsphp' for inclusion (include_path='.:/usr/share/php:/usr/share/pear') in /home/ubuntu/workspace/homework/HW3/scart/index.php on line 2
[10-Oct-2018 15:06:37 UTC] PHP Stack trace:
[10-Oct-2018 15:06:37 UTC] PHP   1. {main}() /home/ubuntu/workspace/homework/HW3/scart/index.php:0
[10-Oct-2018 15:06:38 UTC] PHP Fatal error:  Call to undefined function displayResults() in /home/ubuntu/workspace/homework/HW3/scart/index.php on line 40
[10-Oct-2018 15:06:38 UTC] PHP Stack trace:
[10-Oct-2018 15:06:38 UTC] PHP   1. {main}() /home/ubuntu/workspace/homework/HW3/scart/index.php:0
[10-Oct-2018 15:07:33 UTC] PHP Fatal error:  Call to undefined function displayResults() in /home/ubuntu/workspace/homework/HW3/scart/index.php on line 51
[10-Oct-2018 15:07:33 UTC] PHP Stack trace:
[10-Oct-2018 15:07:33 UTC] PHP   1. {main}() /home/ubuntu/workspace/homework/HW3/scart/index.php:0
[10-Oct-2018 17:04:36 UTC] PHP Fatal error:  Call to undefined function displayCart() in /home/ubuntu/workspace/homework/HW3/scart/scart.php on line 37
[10-Oct-2018 17:04:36 UTC] PHP Stack trace:
[10-Oct-2018 17:04:36 UTC] PHP   1. {main}() /home/ubuntu/workspace/homework/HW3/scart/scart.php:0
[10-Oct-2018 17:09:58 UTC] PHP Fatal error:  Call to undefined function displayCart() in /home/ubuntu/workspace/homework/HW3/scart/scart.php on line 34
[10-Oct-2018 17:09:58 UTC] PHP Stack trace:
[10-Oct-2018 17:09:58 UTC] PHP   1. {main}() /home/ubuntu/workspace/homework/HW3/scart/scart.php:0
[10-Oct-2018 17:10:28 UTC] PHP Fatal error:  Call to undefined function displayCart() in /home/ubuntu/workspace/homework/HW3/scart/scart.php on line 50
[10-Oct-2018 17:10:28 UTC] PHP Stack trace:
[10-Oct-2018 17:10:28 UTC] PHP   1. {main}() /home/ubuntu/workspace/homework/HW3/scart/scart.php:0
[10-Oct-2018 17:26:00 UTC] PHP Warning:  array_push() expects parameter 1 to be array, string given in /home/ubuntu/workspace/homework/HW3/scart/index.php on line 21
[10-Oct-2018 17:26:00 UTC] PHP Stack trace:
[10-Oct-2018 17:26:00 UTC] PHP   1. {main}() /home/ubuntu/workspace/homework/HW3/scart/index.php:0
[10-Oct-2018 17:26:00 UTC] PHP   2. array_push() /home/ubuntu/workspace/homework/HW3/scart/index.php:21
[10-Oct-2018 17:26:00 UTC] PHP Warning:  array_push() expects parameter 1 to be array, string given in /home/ubuntu/workspace/homework/HW3/scart/index.php on line 32
[10-Oct-2018 17:26:00 UTC] PHP Stack trace:
[10-Oct-2018 17:26:00 UTC] PHP   1. {main}() /home/ubuntu/workspace/homework/HW3/scart/index.php:0
[10-Oct-2018 17:26:00 UTC] PHP   2. array_push() /home/ubuntu/workspace/homework/HW3/scart/index.php:32
[10-Oct-2018 17:26:06 UTC] PHP Warning:  Invalid argument supplied for foreach() in /home/ubuntu/workspace/homework/HW3/scart/functions.php on line 42
[10-Oct-2018 17:26:06 UTC] PHP Stack trace:
[10-Oct-2018 17:26:06 UTC] PHP   1. {main}() /home/ubuntu/workspace/homework/HW3/scart/scart.php:0
[10-Oct-2018 17:26:06 UTC] PHP   2. displayCart() /home/ubuntu/workspace/homework/HW3/scart/scart.php:39
