[03-Oct-2018 19:46:34 UTC] PHP Parse error:  syntax error, unexpected 'if' (T_IF), expecting ',' or ';' in /home/ubuntu/workspace/examples/sessions/index.php on line 19
[05-Oct-2018 20:32:21 UTC] PHP Fatal error:  Uncaught exception 'PDOException' with message 'SQLSTATE[HY000] [1049] Unknown database 'meme_lab'' in /home/ubuntu/workspace/examples/meme_lab/database.php:11
Stack trace:
#0 /home/ubuntu/workspace/examples/meme_lab/database.php(11): PDO->__construct('mysql:host=loca...', 'nat', 'cst336')
#1 /home/ubuntu/workspace/examples/meme_lab/database.php(17): getDatabaseConnection()
#2 {main}
  thrown in /home/ubuntu/workspace/examples/meme_lab/database.php on line 11
[05-Oct-2018 20:32:50 UTC] PHP Fatal error:  Uncaught exception 'PDOException' with message 'SQLSTATE[HY000] [1049] Unknown database 'meme_lab'' in /home/ubuntu/workspace/examples/meme_lab/database.php:11
Stack trace:
#0 /home/ubuntu/workspace/examples/meme_lab/database.php(11): PDO->__construct('mysql:host=loca...', 'nat', 'cst336')
#1 /home/ubuntu/workspace/examples/meme_lab/database.php(17): getDatabaseConnection()
#2 {main}
  thrown in /home/ubuntu/workspace/examples/meme_lab/database.php on line 11
[05-Oct-2018 20:33:00 UTC] PHP Fatal error:  Uncaught exception 'PDOException' with message 'SQLSTATE[HY000] [1049] Unknown database 'meme_lab'' in /home/ubuntu/workspace/examples/meme_lab/database.php:11
Stack trace:
#0 /home/ubuntu/workspace/examples/meme_lab/database.php(11): PDO->__construct('mysql:host=loca...', 'nat', 'cst336')
#1 /home/ubuntu/workspace/examples/meme_lab/database.php(17): getDatabaseConnection()
#2 {main}
  thrown in /home/ubuntu/workspace/examples/meme_lab/database.php on line 11
[05-Oct-2018 20:49:12 UTC] PHP Parse error:  syntax error, unexpected '$dbConn' (T_VARIABLE) in /home/ubuntu/workspace/examples/meme_lab/meme.php on line 18
[05-Oct-2018 20:49:31 UTC] PHP Parse error:  syntax error, unexpected '$dbConn' (T_VARIABLE) in /home/ubuntu/workspace/examples/meme_lab/meme.php on line 18
[05-Oct-2018 20:51:07 UTC] PHP Parse error:  syntax error, unexpected '$dbConn' (T_VARIABLE) in /home/ubuntu/workspace/examples/meme_lab/meme.php on line 18
[05-Oct-2018 20:51:55 UTC] PHP Fatal error:  Call to undefined function displayMemes() in /home/ubuntu/workspace/examples/meme_lab/meme.php on line 132
[05-Oct-2018 20:51:55 UTC] PHP Stack trace:
[05-Oct-2018 20:51:55 UTC] PHP   1. {main}() /home/ubuntu/workspace/examples/meme_lab/meme.php:0
[10-Oct-2018 19:02:53 UTC] PHP Fatal error:  Call to undefined function createMeme() in /home/ubuntu/workspace/examples/meme_lab/meme.php on line 39
[10-Oct-2018 19:02:53 UTC] PHP Stack trace:
[10-Oct-2018 19:02:53 UTC] PHP   1. {main}() /home/ubuntu/workspace/examples/meme_lab/meme.php:0
[10-Oct-2018 19:11:32 UTC] PHP Parse error:  syntax error, unexpected ';' in /home/ubuntu/workspace/examples/meme_lab/meme.php on line 32
[10-Oct-2018 19:12:06 UTC] PHP Parse error:  syntax error, unexpected ';' in /home/ubuntu/workspace/examples/meme_lab/meme.php on line 32
[10-Oct-2018 19:12:51 UTC] PHP Parse error:  syntax error, unexpected ';' in /home/ubuntu/workspace/examples/meme_lab/meme.php on line 32
[10-Oct-2018 19:13:14 UTC] PHP Parse error:  syntax error, unexpected ';' in /home/ubuntu/workspace/examples/meme_lab/meme.php on line 32
[10-Oct-2018 19:14:55 UTC] PHP Parse error:  syntax error, unexpected '<' in /home/ubuntu/workspace/examples/meme_lab/meme.php on line 32
[10-Oct-2018 19:15:11 UTC] PHP Parse error:  syntax error, unexpected '<' in /home/ubuntu/workspace/examples/meme_lab/meme.php on line 32
[10-Oct-2018 19:16:38 UTC] PHP Parse error:  syntax error, unexpected '}', expecting ',' or ';' in /home/ubuntu/workspace/examples/meme_lab/meme.php on line 33
[10-Oct-2018 19:17:58 UTC] PHP Parse error:  syntax error, unexpected 'url' (T_STRING), expecting ',' or ';' in /home/ubuntu/workspace/examples/meme_lab/meme.php on line 31
[10-Oct-2018 19:19:40 UTC] PHP Parse error:  syntax error, unexpected ';' in /home/ubuntu/workspace/examples/meme_lab/meme.php on line 34
[10-Oct-2018 19:36:47 UTC] PHP Fatal error:  Call to a member function execute() on a non-object in /home/ubuntu/workspace/examples/meme_lab/meme.php on line 8
[10-Oct-2018 19:36:47 UTC] PHP Stack trace:
[10-Oct-2018 19:36:47 UTC] PHP   1. {main}() /home/ubuntu/workspace/examples/meme_lab/meme.php:0
[10-Oct-2018 19:36:47 UTC] PHP   2. createMeme() /home/ubuntu/workspace/examples/meme_lab/meme.php:31
[10-Oct-2018 19:37:21 UTC] PHP Fatal error:  Call to a member function execute() on a non-object in /home/ubuntu/workspace/examples/meme_lab/meme.php on line 8
[10-Oct-2018 19:37:21 UTC] PHP Stack trace:
[10-Oct-2018 19:37:21 UTC] PHP   1. {main}() /home/ubuntu/workspace/examples/meme_lab/meme.php:0
[10-Oct-2018 19:37:21 UTC] PHP   2. createMeme() /home/ubuntu/workspace/examples/meme_lab/meme.php:34
[10-Oct-2018 19:37:25 UTC] PHP Fatal error:  Call to a member function execute() on a non-object in /home/ubuntu/workspace/examples/meme_lab/meme.php on line 8
[10-Oct-2018 19:37:25 UTC] PHP Stack trace:
[10-Oct-2018 19:37:25 UTC] PHP   1. {main}() /home/ubuntu/workspace/examples/meme_lab/meme.php:0
[10-Oct-2018 19:37:25 UTC] PHP   2. createMeme() /home/ubuntu/workspace/examples/meme_lab/meme.php:34
[10-Oct-2018 19:37:34 UTC] PHP Fatal error:  Call to a member function execute() on a non-object in /home/ubuntu/workspace/examples/meme_lab/meme.php on line 8
[10-Oct-2018 19:37:34 UTC] PHP Stack trace:
[10-Oct-2018 19:37:34 UTC] PHP   1. {main}() /home/ubuntu/workspace/examples/meme_lab/meme.php:0
[10-Oct-2018 19:37:34 UTC] PHP   2. createMeme() /home/ubuntu/workspace/examples/meme_lab/meme.php:34
[10-Oct-2018 19:37:55 UTC] PHP Fatal error:  Call to a member function execute() on a non-object in /home/ubuntu/workspace/examples/meme_lab/meme.php on line 8
[10-Oct-2018 19:37:55 UTC] PHP Stack trace:
[10-Oct-2018 19:37:55 UTC] PHP   1. {main}() /home/ubuntu/workspace/examples/meme_lab/meme.php:0
[10-Oct-2018 19:37:55 UTC] PHP   2. createMeme() /home/ubuntu/workspace/examples/meme_lab/meme.php:34
[10-Oct-2018 19:38:09 UTC] PHP Fatal error:  Call to a member function execute() on a non-object in /home/ubuntu/workspace/examples/meme_lab/meme.php on line 8
[10-Oct-2018 19:38:09 UTC] PHP Stack trace:
[10-Oct-2018 19:38:09 UTC] PHP   1. {main}() /home/ubuntu/workspace/examples/meme_lab/meme.php:0
[10-Oct-2018 19:38:09 UTC] PHP   2. createMeme() /home/ubuntu/workspace/examples/meme_lab/meme.php:33
[10-Oct-2018 19:38:59 UTC] PHP Fatal error:  Call to a member function execute() on a non-object in /home/ubuntu/workspace/examples/meme_lab/meme.php on line 8
[10-Oct-2018 19:38:59 UTC] PHP Stack trace:
[10-Oct-2018 19:38:59 UTC] PHP   1. {main}() /home/ubuntu/workspace/examples/meme_lab/meme.php:0
[10-Oct-2018 19:38:59 UTC] PHP   2. createMeme() /home/ubuntu/workspace/examples/meme_lab/meme.php:33
[10-Oct-2018 19:39:49 UTC] PHP Fatal error:  Call to a member function execute() on a non-object in /home/ubuntu/workspace/examples/meme_lab/meme.php on line 8
[10-Oct-2018 19:39:49 UTC] PHP Stack trace:
[10-Oct-2018 19:39:49 UTC] PHP   1. {main}() /home/ubuntu/workspace/examples/meme_lab/meme.php:0
[10-Oct-2018 19:39:49 UTC] PHP   2. createMeme() /home/ubuntu/workspace/examples/meme_lab/meme.php:33
[10-Oct-2018 19:40:02 UTC] PHP Fatal error:  Call to a member function execute() on a non-object in /home/ubuntu/workspace/examples/meme_lab/meme.php on line 8
[10-Oct-2018 19:40:02 UTC] PHP Stack trace:
[10-Oct-2018 19:40:02 UTC] PHP   1. {main}() /home/ubuntu/workspace/examples/meme_lab/meme.php:0
[10-Oct-2018 19:40:02 UTC] PHP   2. createMeme() /home/ubuntu/workspace/examples/meme_lab/meme.php:33
[10-Oct-2018 19:42:07 UTC] PHP Fatal error:  Call to a member function execute() on a non-object in /home/ubuntu/workspace/examples/meme_lab/meme.php on line 8
[10-Oct-2018 19:42:07 UTC] PHP Stack trace:
[10-Oct-2018 19:42:07 UTC] PHP   1. {main}() /home/ubuntu/workspace/examples/meme_lab/meme.php:0
[10-Oct-2018 19:42:07 UTC] PHP   2. createMeme() /home/ubuntu/workspace/examples/meme_lab/meme.php:33
[10-Oct-2018 19:52:50 UTC] PHP Fatal error:  Call to a member function execute() on a non-object in /home/ubuntu/workspace/examples/meme_lab/meme.php on line 8
[10-Oct-2018 19:52:50 UTC] PHP Stack trace:
[10-Oct-2018 19:52:50 UTC] PHP   1. {main}() /home/ubuntu/workspace/examples/meme_lab/meme.php:0
[10-Oct-2018 19:52:50 UTC] PHP   2. createMeme() /home/ubuntu/workspace/examples/meme_lab/meme.php:33
[10-Oct-2018 20:17:33 UTC] PHP Fatal error:  Cannot use isset() on the result of an expression (you can use "null !== expression" instead) in /home/ubuntu/workspace/examples/meme_lab/meme.php on line 133
[10-Oct-2018 20:19:45 UTC] PHP Fatal error:  Cannot use isset() on the result of an expression (you can use "null !== expression" instead) in /home/ubuntu/workspace/examples/meme_lab/meme.php on line 133
[10-Oct-2018 20:20:08 UTC] PHP Fatal error:  Cannot use isset() on the result of an expression (you can use "null !== expression" instead) in /home/ubuntu/workspace/examples/meme_lab/meme.php on line 133
[10-Oct-2018 20:35:30 UTC] PHP Fatal error:  Cannot use isset() on the result of an expression (you can use "null !== expression" instead) in /home/ubuntu/workspace/examples/meme_lab/meme.php on line 133
[10-Oct-2018 20:35:34 UTC] PHP Fatal error:  Cannot use isset() on the result of an expression (you can use "null !== expression" instead) in /home/ubuntu/workspace/examples/meme_lab/meme.php on line 133
[10-Oct-2018 20:37:17 UTC] PHP Fatal error:  Cannot use isset() on the result of an expression (you can use "null !== expression" instead) in /home/ubuntu/workspace/examples/meme_lab/meme.php on line 134
[10-Oct-2018 20:52:23 UTC] PHP Fatal error:  Uncaught exception 'PDOException' with message 'SQLSTATE[42000]: Syntax error or access violation: 1064 You have an error in your SQL syntax; check the manual that corresponds to your MySQL server version for the right syntax to use near ''meme-type', 'meme-URL') VALUES (NULL, 'hello', 'xyz', -type, -URL )' at line 1' in /home/ubuntu/workspace/examples/meme_lab/meme.php:26
Stack trace:
#0 /home/ubuntu/workspace/examples/meme_lab/meme.php(26): PDOStatement->execute()
#1 /home/ubuntu/workspace/examples/meme_lab/meme.php(52): createMeme('hello', 'xyz', 'college-grad')
#2 {main}
  thrown in /home/ubuntu/workspace/examples/meme_lab/meme.php on line 26
