[19-Sep-2018 16:33:39 UTC] PHP Warning:  include(inc/functions.php): failed to open stream: No such file or directory in /home/ubuntu/workspace/labs/lab2/index.php on line 11
[19-Sep-2018 16:33:39 UTC] PHP Stack trace:
[19-Sep-2018 16:33:39 UTC] PHP   1. {main}() /home/ubuntu/workspace/labs/lab2/index.php:0
[19-Sep-2018 16:33:39 UTC] PHP Warning:  include(): Failed opening 'inc/functions.php' for inclusion (include_path='.:/usr/share/php:/usr/share/pear') in /home/ubuntu/workspace/labs/lab2/index.php on line 11
[19-Sep-2018 16:33:39 UTC] PHP Stack trace:
[19-Sep-2018 16:33:39 UTC] PHP   1. {main}() /home/ubuntu/workspace/labs/lab2/index.php:0
[19-Sep-2018 16:33:39 UTC] PHP Fatal error:  Call to undefined function play() in /home/ubuntu/workspace/labs/lab2/index.php on line 13
[19-Sep-2018 16:33:39 UTC] PHP Stack trace:
[19-Sep-2018 16:33:39 UTC] PHP   1. {main}() /home/ubuntu/workspace/labs/lab2/index.php:0
[19-Sep-2018 16:34:04 UTC] PHP Fatal error:  Call to undefined function play() in /home/ubuntu/workspace/labs/lab2/index.php on line 13
[19-Sep-2018 16:34:04 UTC] PHP Stack trace:
[19-Sep-2018 16:34:04 UTC] PHP   1. {main}() /home/ubuntu/workspace/labs/lab2/index.php:0
[19-Sep-2018 16:34:50 UTC] PHP Fatal error:  Function name must be a string in /home/ubuntu/workspace/labs/lab2/index.php on line 11
[19-Sep-2018 16:34:50 UTC] PHP Stack trace:
[19-Sep-2018 16:34:50 UTC] PHP   1. {main}() /home/ubuntu/workspace/labs/lab2/index.php:0
[19-Sep-2018 16:35:01 UTC] PHP Fatal error:  Function name must be a string in /home/ubuntu/workspace/labs/lab2/index.php on line 11
[19-Sep-2018 16:35:01 UTC] PHP Stack trace:
[19-Sep-2018 16:35:01 UTC] PHP   1. {main}() /home/ubuntu/workspace/labs/lab2/index.php:0
[19-Sep-2018 16:36:40 UTC] PHP Fatal error:  Cannot redeclare play() (previously declared in /home/ubuntu/workspace/labs/lab2/index.php:12) in /home/ubuntu/workspace/labs/lab2/inc/functions.php on line 45
[19-Sep-2018 16:36:40 UTC] PHP Stack trace:
[19-Sep-2018 16:36:40 UTC] PHP   1. {main}() /home/ubuntu/workspace/labs/lab2/index.php:0
[19-Sep-2018 16:37:36 UTC] PHP Fatal error:  Cannot redeclare play() (previously declared in /home/ubuntu/workspace/labs/lab2/index.php:13) in /home/ubuntu/workspace/labs/lab2/inc/functions.php on line 45
[19-Sep-2018 16:37:36 UTC] PHP Stack trace:
[19-Sep-2018 16:37:36 UTC] PHP   1. {main}() /home/ubuntu/workspace/labs/lab2/index.php:0
[19-Sep-2018 16:37:45 UTC] PHP Fatal error:  Cannot redeclare play() (previously declared in /home/ubuntu/workspace/labs/lab2/index.php:13) in /home/ubuntu/workspace/labs/lab2/inc/functions.php on line 45
[19-Sep-2018 16:37:45 UTC] PHP Stack trace:
[19-Sep-2018 16:37:45 UTC] PHP   1. {main}() /home/ubuntu/workspace/labs/lab2/index.php:0
[24-Sep-2018 04:32:06 UTC] PHP Parse error:  syntax error, unexpected '<' in /home/ubuntu/workspace/labs/lab3/index.php on line 10
[24-Sep-2018 04:32:08 UTC] PHP Parse error:  syntax error, unexpected '<' in /home/ubuntu/workspace/labs/lab3/index.php on line 10
[24-Sep-2018 17:43:01 UTC] PHP Parse error:  syntax error, unexpected ':' in /home/ubuntu/workspace/labs/lab3/index.php on line 24
[24-Sep-2018 19:01:34 UTC] PHP Parse error:  syntax error, unexpected '$face' (T_VARIABLE), expecting ',' or ';' in /home/ubuntu/workspace/labs/lab3/index.php on line 45
